<?xml version="1.0" encoding="UTF-8"?>
<!-- Generated by org.testng.reporters.JUnitXMLReporter -->
<testsuite ignored="0" hostname="LAPTOP-O1ONHJO3" failures="0" tests="3" name="Test" time="68.445" errors="0" timestamp="2024-01-29T13:13:45 IST">
  <testcase classname="adnabu.sumit.tests.CartPageTest" name="verifyCartPageElementsAreDisplayed" time="21.915"/>
  <testcase classname="adnabu.sumit.tests.CartPageTest" name="verifyUserAbleToAddProductIntoTheCart" time="18.29"/>
  <testcase classname="adnabu.sumit.tests.CartPageTest" name="verifyUserAbleToRemoveProductFromTheCart" time="20.2"/>
</testsuite> <!-- Test -->
