<?xml version="1.0" encoding="UTF-8"?>
<!-- Generated by org.testng.reporters.JUnitXMLReporter -->
<testsuite ignored="0" hostname="LAPTOP-O1ONHJO3" failures="0" tests="2" name="Test" time="36.918" errors="0" timestamp="2024-01-29T13:58:30 IST">
  <testcase classname="adnabu.sumit.tests.ProductListingPageTest" name="verifyInStockAvailabilityFilter" time="15.582"/>
  <testcase classname="adnabu.sumit.tests.ProductListingPageTest" name="verifyOutOfStockAvailabilityFilter" time="14.866"/>
</testsuite> <!-- Test -->
